<?xml version="1.0" encoding="UTF-8"?>
<testng-results ignored="0" total="1" passed="1" failed="0" skipped="0">
  <reporter-output>
  </reporter-output>
  <suite started-at="2026-01-02T12:41:16 IST" name="Default suite" finished-at="2026-01-02T12:41:21 IST" duration-ms="4958">
    <groups>
    </groups>
    <test started-at="2026-01-02T12:41:16 IST" name="Default test" finished-at="2026-01-02T12:41:21 IST" duration-ms="4958">
      <class name="Practiceclass.Shadowroot">
        <test-method signature="getShadow()[pri:0, instance:Practiceclass.Shadowroot@6302bbb1]" started-at="2026-01-02T12:41:16 IST" name="getShadow" finished-at="2026-01-02T12:41:21 IST" duration-ms="4903" status="PASS">
          <reporter-output>
          </reporter-output>
        </test-method> <!-- getShadow -->
      </class> <!-- Practiceclass.Shadowroot -->
    </test> <!-- Default test -->
  </suite> <!-- Default suite -->
</testng-results>
