<?xml version="1.0" encoding="UTF-8"?>
<testng-results ignored="0" total="1" passed="1" failed="0" skipped="0">
  <reporter-output>
  </reporter-output>
  <suite started-at="2026-01-02T11:12:03 IST" name="Default suite" finished-at="2026-01-02T11:12:10 IST" duration-ms="7503">
    <groups>
    </groups>
    <test started-at="2026-01-02T11:12:03 IST" name="Default test" finished-at="2026-01-02T11:12:10 IST" duration-ms="7503">
      <class name="WindowHandles.WindowHandle">
        <test-method signature="moveToChild()[pri:0, instance:WindowHandles.WindowHandle@4135c3b]" started-at="2026-01-02T11:12:03 IST" name="moveToChild" finished-at="2026-01-02T11:12:10 IST" duration-ms="7473" status="PASS">
          <reporter-output>
          </reporter-output>
        </test-method> <!-- moveToChild -->
      </class> <!-- WindowHandles.WindowHandle -->
    </test> <!-- Default test -->
  </suite> <!-- Default suite -->
</testng-results>
